<?xml version="1.0" encoding="UTF-8"?>
<testng-results ignored="0" total="1" passed="1" failed="0" skipped="0">
  <reporter-output>
  </reporter-output>
  <suite started-at="2024-07-07T19:13:26 IST" name="Default suite" finished-at="2024-07-07T19:13:30 IST" duration-ms="4059">
    <groups>
    </groups>
    <test started-at="2024-07-07T19:13:26 IST" name="Default test" finished-at="2024-07-07T19:13:30 IST" duration-ms="4059">
      <class name="org.movie.app.tests.Index">
        <test-method is-config="true" signature="launch()[pri:0, instance:org.movie.app.tests.Index@4116aac9]" started-at="2024-07-07T19:13:26 IST" name="launch" finished-at="2024-07-07T19:13:28 IST" duration-ms="2319" status="PASS">
          <reporter-output>
          </reporter-output>
        </test-method> <!-- launch -->
        <test-method signature="MovieDetailsPage()[pri:0, instance:org.movie.app.tests.Index@4116aac9]" started-at="2024-07-07T19:13:28 IST" name="MovieDetailsPage" finished-at="2024-07-07T19:13:30 IST" duration-ms="1696" status="PASS">
          <reporter-output>
          </reporter-output>
        </test-method> <!-- MovieDetailsPage -->
      </class> <!-- org.movie.app.tests.Index -->
    </test> <!-- Default test -->
  </suite> <!-- Default suite -->
</testng-results>
