<?xml version="1.0" encoding="UTF-8"?>
<testng-results ignored="0" total="1" passed="1" failed="0" skipped="0">
  <reporter-output>
  </reporter-output>
  <suite started-at="2024-07-07T20:54:04 IST" name="Default suite" finished-at="2024-07-07T20:54:08 IST" duration-ms="3642">
    <groups>
    </groups>
    <test started-at="2024-07-07T20:54:04 IST" name="Default test" finished-at="2024-07-07T20:54:08 IST" duration-ms="3642">
      <class name="org.movie.app.tests.Index">
        <test-method is-config="true" signature="launch()[pri:0, instance:org.movie.app.tests.Index@7eac9008]" started-at="2024-07-07T20:54:04 IST" name="launch" finished-at="2024-07-07T20:54:07 IST" duration-ms="2413" status="PASS">
          <reporter-output>
          </reporter-output>
        </test-method> <!-- launch -->
        <test-method signature="AccountPage()[pri:0, instance:org.movie.app.tests.Index@7eac9008]" started-at="2024-07-07T20:54:07 IST" name="AccountPage" finished-at="2024-07-07T20:54:08 IST" duration-ms="1159" status="PASS">
          <reporter-output>
          </reporter-output>
        </test-method> <!-- AccountPage -->
      </class> <!-- org.movie.app.tests.Index -->
    </test> <!-- Default test -->
  </suite> <!-- Default suite -->
</testng-results>
