<?xml version="1.0" encoding="UTF-8"?>
<!-- Generated by org.testng.reporters.JUnitXMLReporter -->
<testsuite ignored="8" hostname="Sasikumar" failures="0" tests="1" name="Default test" time="3.642" errors="0" timestamp="2024-07-07T20:54:08 IST">
  <testcase classname="org.movie.app.tests.Index" name="AccountPage" time="1.159"/>
  <testcase classname="org.movie.app.tests.Index" name="SearchFunctionality" time="0.0">
    <ignored/>
  </testcase> <!-- SearchFunctionality -->
  <testcase classname="org.movie.app.tests.Index" name="PopularPageUI" time="0.0">
    <ignored/>
  </testcase> <!-- PopularPageUI -->
  <testcase classname="org.movie.app.tests.Index" name="HeaderSectionUI" time="0.0">
    <ignored/>
  </testcase> <!-- HeaderSectionUI -->
  <testcase classname="org.movie.app.tests.Index" name="MovieDetailsPage" time="0.0">
    <ignored/>
  </testcase> <!-- MovieDetailsPage -->
  <testcase classname="org.movie.app.tests.Index" name="HomePageTest" time="0.0">
    <ignored/>
  </testcase> <!-- HomePageTest -->
  <testcase classname="org.movie.app.tests.Index" name="LoginPage" time="0.0">
    <ignored/>
  </testcase> <!-- LoginPage -->
  <testcase classname="org.movie.app.tests.Index" name="LoginPageUI" time="0.0">
    <ignored/>
  </testcase> <!-- LoginPageUI -->
  <testcase classname="org.movie.app.tests.Index" name="HeaderSectionFunctionalites" time="0.0">
    <ignored/>
  </testcase> <!-- HeaderSectionFunctionalites -->
</testsuite> <!-- Default test -->
