<?xml version="1.0" encoding="UTF-8"?>
<!-- Generated by org.testng.reporters.JUnitXMLReporter -->
<testsuite ignored="7" hostname="Sasikumar" failures="0" tests="1" name="Default test" time="4.059" errors="0" timestamp="2024-07-07T19:13:30 IST">
  <testcase classname="org.movie.app.tests.Index" name="MovieDetailsPage" time="1.696"/>
  <testcase classname="org.movie.app.tests.Index" name="HeaderSectionFunctionalites" time="0.0">
    <ignored/>
  </testcase> <!-- HeaderSectionFunctionalites -->
  <testcase classname="org.movie.app.tests.Index" name="LoginPageUI" time="0.0">
    <ignored/>
  </testcase> <!-- LoginPageUI -->
  <testcase classname="org.movie.app.tests.Index" name="LoginPage" time="0.0">
    <ignored/>
  </testcase> <!-- LoginPage -->
  <testcase classname="org.movie.app.tests.Index" name="SearchFunctionality" time="0.0">
    <ignored/>
  </testcase> <!-- SearchFunctionality -->
  <testcase classname="org.movie.app.tests.Index" name="HomePageTest" time="0.0">
    <ignored/>
  </testcase> <!-- HomePageTest -->
  <testcase classname="org.movie.app.tests.Index" name="HeaderSectionUI" time="0.0">
    <ignored/>
  </testcase> <!-- HeaderSectionUI -->
  <testcase classname="org.movie.app.tests.Index" name="PopularPageUI" time="0.0">
    <ignored/>
  </testcase> <!-- PopularPageUI -->
</testsuite> <!-- Default test -->
